<?xml version="1.0" encoding="UTF-8"?>
<testsuite xmlns:xsi="http://www.w3.org/2001/XMLSchema-instance" xsi:noNamespaceSchemaLocation="https://maven.apache.org/surefire/maven-surefire-plugin/xsd/surefire-test-report-3.0.xsd" version="3.0" name="com.example.Main.CreateTest" time="0.001" tests="2" errors="0" skipped="0" failures="0">
  <properties>
    <property name="java.specification.version" value="22"/>
    <property name="sun.cpu.isalist" value="amd64"/>
    <property name="sun.jnu.encoding" value="GBK"/>
    <property name="java.class.path" value="C:\Users\zmh\Downloads\apache-maven-3.9.9-bin\apache-maven-3.9.9\repo\arithmatics\target\test-classes;C:\Users\zmh\Downloads\apache-maven-3.9.9-bin\apache-maven-3.9.9\repo\arithmatics\target\classes;C:\Users\zmh\Downloads\apache-maven-3.9.9-bin\apache-maven-3.9.9\repo\junit\junit\4.13\junit-4.13.jar;C:\Users\zmh\Downloads\apache-maven-3.9.9-bin\apache-maven-3.9.9\repo\org\hamcrest\hamcrest-core\1.3\hamcrest-core-1.3.jar;"/>
    <property name="java.vm.vendor" value="Oracle Corporation"/>
    <property name="sun.arch.data.model" value="64"/>
    <property name="user.variant" value=""/>
    <property name="java.vendor.url" value="https://java.oracle.com/"/>
    <property name="user.timezone" value="Asia/Shanghai"/>
    <property name="os.name" value="Windows 11"/>
    <property name="java.vm.specification.version" value="22"/>
    <property name="sun.java.launcher" value="SUN_STANDARD"/>
    <property name="user.country" value="CN"/>
    <property name="sun.boot.library.path" value="C:\Program Files\Java\jdk-22\bin"/>
    <property name="sun.java.command" value="C:\Users\zmh\AppData\Local\Temp\surefire9634688799627940254\surefirebooter-20240928210620193_3.jar C:\Users\zmh\AppData\Local\Temp\surefire9634688799627940254 2024-09-28T21-06-16_195-jvmRun1 surefire-20240928210620193_1tmp surefire_0-20240928210620193_2tmp"/>
    <property name="jdk.debug" value="release"/>
    <property name="surefire.test.class.path" value="C:\Users\zmh\Downloads\apache-maven-3.9.9-bin\apache-maven-3.9.9\repo\arithmatics\target\test-classes;C:\Users\zmh\Downloads\apache-maven-3.9.9-bin\apache-maven-3.9.9\repo\arithmatics\target\classes;C:\Users\zmh\Downloads\apache-maven-3.9.9-bin\apache-maven-3.9.9\repo\junit\junit\4.13\junit-4.13.jar;C:\Users\zmh\Downloads\apache-maven-3.9.9-bin\apache-maven-3.9.9\repo\org\hamcrest\hamcrest-core\1.3\hamcrest-core-1.3.jar;"/>
    <property name="sun.cpu.endian" value="little"/>
    <property name="user.home" value="C:\Users\zmh"/>
    <property name="user.language" value="zh"/>
    <property name="java.specification.vendor" value="Oracle Corporation"/>
    <property name="java.version.date" value="2024-04-16"/>
    <property name="java.home" value="C:\Program Files\Java\jdk-22"/>
    <property name="file.separator" value="\"/>
    <property name="basedir" value="C:\Users\zmh\Downloads\apache-maven-3.9.9-bin\apache-maven-3.9.9\repo\arithmatics"/>
    <property name="java.vm.compressedOopsMode" value="Zero based"/>
    <property name="line.separator" value="&#10;"/>
    <property name="java.vm.specification.vendor" value="Oracle Corporation"/>
    <property name="java.specification.name" value="Java Platform API Specification"/>
    <property name="surefire.real.class.path" value="C:\Users\zmh\AppData\Local\Temp\surefire9634688799627940254\surefirebooter-20240928210620193_3.jar"/>
    <property name="user.script" value=""/>
    <property name="sun.management.compiler" value="HotSpot 64-Bit Tiered Compilers"/>
    <property name="java.runtime.version" value="22.0.1+8-16"/>
    <property name="user.name" value="zmh"/>
    <property name="stdout.encoding" value="GBK"/>
    <property name="path.separator" value=";"/>
    <property name="os.version" value="10.0"/>
    <property name="java.runtime.name" value="Java(TM) SE Runtime Environment"/>
    <property name="file.encoding" value="UTF-8"/>
    <property name="java.vm.name" value="Java HotSpot(TM) 64-Bit Server VM"/>
    <property name="localRepository" value="C:\Users\zmh\Downloads\apache-maven-3.9.9-bin\apache-maven-3.9.9\repo"/>
    <property name="java.vendor.url.bug" value="https://bugreport.java.com/bugreport/"/>
    <property name="java.io.tmpdir" value="C:\Users\zmh\AppData\Local\Temp\"/>
    <property name="java.version" value="22.0.1"/>
    <property name="user.dir" value="C:\Users\zmh\Downloads\apache-maven-3.9.9-bin\apache-maven-3.9.9\repo\arithmatics"/>
    <property name="os.arch" value="amd64"/>
    <property name="java.vm.specification.name" value="Java Virtual Machine Specification"/>
    <property name="sun.os.patch.level" value=""/>
    <property name="native.encoding" value="GBK"/>
    <property name="java.library.path" value="C:\Program Files\Java\jdk-22\bin;C:\WINDOWS\Sun\Java\bin;C:\WINDOWS\system32;C:\WINDOWS;C:\Program Files\Common Files\Oracle\Java\javapath;C:\WINDOWS\system32;C:\WINDOWS;C:\WINDOWS\System32\Wbem;C:\WINDOWS\System32\WindowsPowerShell\v1.0\;C:\WINDOWS\System32\OpenSSH\;C:\Users\zmh\Documents\x86_64-8.1.0-release-win32-seh-rt_v6-rev0\mingw64\bin;C:\Program Files\Java\jdk-22\bin;C:\Program Files\Python37\;C:\Program Files\Python37\Scripts\;C:\Program Files\MySQL\MySQL Server 8.0\bin\;C:\Program Files\nodejs\;C:\Users\zmh\Downloads\apache-maven-3.9.9-bin\apache-maven-3.9.9\bin;C:\Program Files\Git\cmd;C:\Users\zmh\AppData\Local\Microsoft\WindowsApps;C:\Users\zmh\AppData\Local\Programs\Microsoft VS Code\bin;C:\intelFPGA\20.1\modelsim_ase\win32aloem;C:\intelFPGA_lite\20.1\modelsim_ase\win32aloem;C:\Users\zmh\AppData\Roaming\npm;."/>
    <property name="java.vm.info" value="mixed mode, sharing"/>
    <property name="stderr.encoding" value="GBK"/>
    <property name="java.vendor" value="Oracle Corporation"/>
    <property name="java.vm.version" value="22.0.1+8-16"/>
    <property name="sun.io.unicode.encoding" value="UnicodeLittle"/>
    <property name="java.class.version" value="66.0"/>
  </properties>
  <testcase name="test1" classname="com.example.Main.CreateTest" time="0.0"/>
  <testcase name="test2" classname="com.example.Main.CreateTest" time="0.0"/>
</testsuite>